[2022-03-25 12:07:43,568] Running step: step_qonnx_to_finn [1/17]
[2022-03-25 12:07:43,579] Running step: step_tidy_up [2/17]
[2022-03-25 12:07:43,856] Running step: step_streamline [3/17]
[2022-03-25 12:07:51,792] /workspace/finn-base/src/finn/transformation/infer_data_layouts.py:119: UserWarning: Assuming 4D input is NCHW
[2022-03-25 12:07:51,792]   warnings.warn("Assuming 4D input is NCHW")
[2022-03-25 12:07:51,838] Running step: step_convert_to_hls [4/17]
[2022-03-25 12:07:52,273] Running step: step_create_dataflow_partition [5/17]
[2022-03-25 12:07:52,314] Running step: step_target_fps_parallelization [6/17]
[2022-03-25 12:07:52,315] /workspace/finn/src/finn/transformation/fpgadataflow/set_folding.py:181: UserWarning: SetFolding doesn't know how to handle op_type ConvolutionInputGenerator1D
[2022-03-25 12:07:52,315]   warnings.warn(
[2022-03-25 12:07:52,317] /workspace/finn/src/finn/transformation/fpgadataflow/set_folding.py:181: UserWarning: SetFolding doesn't know how to handle op_type StreamingMaxPool_Batch
[2022-03-25 12:07:52,317]   warnings.warn(
[2022-03-25 12:07:52,337] Running step: step_apply_folding_config [7/17]
[2022-03-25 12:07:52,338] Running step: step_generate_estimate_reports [8/17]
[2022-03-25 12:07:52,340] Running step: step_hls_codegen [9/17]
[2022-03-25 12:08:02,250] Running step: step_hls_ipgen [10/17]
[2022-03-25 12:12:58,169] Running step: step_set_fifo_depths [11/17]
[2022-03-25 12:12:58,340] /workspace/finn/src/finn/transformation/fpgadataflow/prepare_ip.py:57: UserWarning: Using pre-existing code for ConvolutionInputGenerator1D_0
[2022-03-25 12:12:58,340]   warnings.warn("Using pre-existing code for %s" % node.name)
[2022-03-25 12:12:58,360] /workspace/finn/src/finn/transformation/fpgadataflow/prepare_ip.py:57: UserWarning: Using pre-existing code for StreamingFCLayer_Batch_0
[2022-03-25 12:12:58,360]   warnings.warn("Using pre-existing code for %s" % node.name)
[2022-03-25 12:12:58,360] /workspace/finn/src/finn/transformation/fpgadataflow/prepare_ip.py:57: UserWarning: Using pre-existing code for StreamingMaxPool_Batch_0
[2022-03-25 12:12:58,360]   warnings.warn("Using pre-existing code for %s" % node.name)
[2022-03-25 12:12:58,362] /workspace/finn/src/finn/transformation/fpgadataflow/prepare_ip.py:57: UserWarning: Using pre-existing code for Thresholding_Batch_0
[2022-03-25 12:12:58,362]   warnings.warn("Using pre-existing code for %s" % node.name)
[2022-03-25 12:12:58,364] /workspace/finn/src/finn/transformation/fpgadataflow/prepare_ip.py:57: UserWarning: Using pre-existing code for ConvolutionInputGenerator1D_1
[2022-03-25 12:12:58,364]   warnings.warn("Using pre-existing code for %s" % node.name)
[2022-03-25 12:12:58,367] /workspace/finn/src/finn/transformation/fpgadataflow/prepare_ip.py:57: UserWarning: Using pre-existing code for StreamingFCLayer_Batch_1
[2022-03-25 12:12:58,367]   warnings.warn("Using pre-existing code for %s" % node.name)
[2022-03-25 12:12:58,369] /workspace/finn/src/finn/transformation/fpgadataflow/prepare_ip.py:57: UserWarning: Using pre-existing code for StreamingMaxPool_Batch_1
[2022-03-25 12:12:58,369]   warnings.warn("Using pre-existing code for %s" % node.name)
[2022-03-25 12:12:58,371] /workspace/finn/src/finn/transformation/fpgadataflow/prepare_ip.py:57: UserWarning: Using pre-existing code for Thresholding_Batch_1
[2022-03-25 12:12:58,371]   warnings.warn("Using pre-existing code for %s" % node.name)
[2022-03-25 12:12:58,373] /workspace/finn/src/finn/transformation/fpgadataflow/prepare_ip.py:57: UserWarning: Using pre-existing code for ConvolutionInputGenerator1D_2
[2022-03-25 12:12:58,373]   warnings.warn("Using pre-existing code for %s" % node.name)
[2022-03-25 12:12:58,376] /workspace/finn/src/finn/transformation/fpgadataflow/prepare_ip.py:57: UserWarning: Using pre-existing code for StreamingFCLayer_Batch_2
[2022-03-25 12:12:58,376]   warnings.warn("Using pre-existing code for %s" % node.name)
[2022-03-25 12:12:58,377] /workspace/finn/src/finn/transformation/fpgadataflow/prepare_ip.py:57: UserWarning: Using pre-existing code for StreamingMaxPool_Batch_2
[2022-03-25 12:12:58,377]   warnings.warn("Using pre-existing code for %s" % node.name)
[2022-03-25 12:12:58,379] /workspace/finn/src/finn/transformation/fpgadataflow/prepare_ip.py:57: UserWarning: Using pre-existing code for Thresholding_Batch_2
[2022-03-25 12:12:58,379]   warnings.warn("Using pre-existing code for %s" % node.name)
[2022-03-25 12:12:58,381] /workspace/finn/src/finn/transformation/fpgadataflow/prepare_ip.py:57: UserWarning: Using pre-existing code for ConvolutionInputGenerator1D_3
[2022-03-25 12:12:58,381]   warnings.warn("Using pre-existing code for %s" % node.name)
[2022-03-25 12:12:58,382] /workspace/finn/src/finn/transformation/fpgadataflow/prepare_ip.py:57: UserWarning: Using pre-existing code for StreamingFCLayer_Batch_3
[2022-03-25 12:12:58,383]   warnings.warn("Using pre-existing code for %s" % node.name)
[2022-03-25 12:12:58,384] /workspace/finn/src/finn/transformation/fpgadataflow/prepare_ip.py:57: UserWarning: Using pre-existing code for StreamingMaxPool_Batch_3
[2022-03-25 12:12:58,384]   warnings.warn("Using pre-existing code for %s" % node.name)
[2022-03-25 12:12:58,386] /workspace/finn/src/finn/transformation/fpgadataflow/prepare_ip.py:57: UserWarning: Using pre-existing code for Thresholding_Batch_3
[2022-03-25 12:12:58,386]   warnings.warn("Using pre-existing code for %s" % node.name)
[2022-03-25 12:12:58,387] /workspace/finn/src/finn/transformation/fpgadataflow/prepare_ip.py:57: UserWarning: Using pre-existing code for StreamingFCLayer_Batch_4
[2022-03-25 12:12:58,387]   warnings.warn("Using pre-existing code for %s" % node.name)
[2022-03-25 12:12:58,432] /workspace/finn/src/finn/transformation/fpgadataflow/hlssynth_ip.py:71: UserWarning: Using pre-existing IP for StreamingFCLayer_Batch_4
[2022-03-25 12:12:58,432]   warnings.warn("Using pre-existing IP for %s" % node.name)
[2022-03-25 12:12:58,432] /workspace/finn/src/finn/transformation/fpgadataflow/hlssynth_ip.py:71: UserWarning: Using pre-existing IP for Thresholding_Batch_3
[2022-03-25 12:12:58,432]   warnings.warn("Using pre-existing IP for %s" % node.name)
[2022-03-25 12:13:10,391] /workspace/finn/src/finn/transformation/fpgadataflow/hlssynth_ip.py:71: UserWarning: Using pre-existing IP for StreamingMaxPool_Batch_3
[2022-03-25 12:13:10,391]   warnings.warn("Using pre-existing IP for %s" % node.name)
[2022-03-25 12:13:22,207] /workspace/finn/src/finn/transformation/fpgadataflow/hlssynth_ip.py:71: UserWarning: Using pre-existing IP for StreamingFCLayer_Batch_3
[2022-03-25 12:13:22,207]   warnings.warn("Using pre-existing IP for %s" % node.name)
[2022-03-25 12:13:33,600] /workspace/finn/src/finn/transformation/fpgadataflow/hlssynth_ip.py:71: UserWarning: Using pre-existing IP for ConvolutionInputGenerator1D_3
[2022-03-25 12:13:33,600]   warnings.warn("Using pre-existing IP for %s" % node.name)
[2022-03-25 12:13:44,504] /workspace/finn/src/finn/transformation/fpgadataflow/hlssynth_ip.py:71: UserWarning: Using pre-existing IP for Thresholding_Batch_2
[2022-03-25 12:13:44,504]   warnings.warn("Using pre-existing IP for %s" % node.name)
[2022-03-25 12:14:06,784] /workspace/finn/src/finn/transformation/fpgadataflow/hlssynth_ip.py:71: UserWarning: Using pre-existing IP for StreamingMaxPool_Batch_2
[2022-03-25 12:14:06,784]   warnings.warn("Using pre-existing IP for %s" % node.name)
[2022-03-25 12:14:18,821] /workspace/finn/src/finn/transformation/fpgadataflow/hlssynth_ip.py:71: UserWarning: Using pre-existing IP for StreamingFCLayer_Batch_2
[2022-03-25 12:14:18,821]   warnings.warn("Using pre-existing IP for %s" % node.name)
[2022-03-25 12:14:30,976] /workspace/finn/src/finn/transformation/fpgadataflow/hlssynth_ip.py:71: UserWarning: Using pre-existing IP for ConvolutionInputGenerator1D_2
[2022-03-25 12:14:30,976]   warnings.warn("Using pre-existing IP for %s" % node.name)
[2022-03-25 12:14:45,943] /workspace/finn/src/finn/transformation/fpgadataflow/hlssynth_ip.py:71: UserWarning: Using pre-existing IP for Thresholding_Batch_1
[2022-03-25 12:14:45,943]   warnings.warn("Using pre-existing IP for %s" % node.name)
[2022-03-25 12:15:06,060] /workspace/finn/src/finn/transformation/fpgadataflow/hlssynth_ip.py:71: UserWarning: Using pre-existing IP for StreamingMaxPool_Batch_1
[2022-03-25 12:15:06,060]   warnings.warn("Using pre-existing IP for %s" % node.name)
[2022-03-25 12:15:16,953] /workspace/finn/src/finn/transformation/fpgadataflow/hlssynth_ip.py:71: UserWarning: Using pre-existing IP for StreamingFCLayer_Batch_1
[2022-03-25 12:15:16,953]   warnings.warn("Using pre-existing IP for %s" % node.name)
[2022-03-25 12:15:28,696] /workspace/finn/src/finn/transformation/fpgadataflow/hlssynth_ip.py:71: UserWarning: Using pre-existing IP for ConvolutionInputGenerator1D_1
[2022-03-25 12:15:28,696]   warnings.warn("Using pre-existing IP for %s" % node.name)
[2022-03-25 12:15:44,815] /workspace/finn/src/finn/transformation/fpgadataflow/hlssynth_ip.py:71: UserWarning: Using pre-existing IP for Thresholding_Batch_0
[2022-03-25 12:15:44,815]   warnings.warn("Using pre-existing IP for %s" % node.name)
[2022-03-25 12:16:04,022] /workspace/finn/src/finn/transformation/fpgadataflow/hlssynth_ip.py:71: UserWarning: Using pre-existing IP for StreamingMaxPool_Batch_0
[2022-03-25 12:16:04,022]   warnings.warn("Using pre-existing IP for %s" % node.name)
[2022-03-25 12:16:07,507] /workspace/finn/src/finn/transformation/fpgadataflow/hlssynth_ip.py:71: UserWarning: Using pre-existing IP for StreamingFCLayer_Batch_0
[2022-03-25 12:16:07,507]   warnings.warn("Using pre-existing IP for %s" % node.name)
[2022-03-25 12:16:18,911] /workspace/finn/src/finn/transformation/fpgadataflow/hlssynth_ip.py:71: UserWarning: Using pre-existing IP for ConvolutionInputGenerator1D_0
[2022-03-25 12:16:18,911]   warnings.warn("Using pre-existing IP for %s" % node.name)
[2022-03-25 12:19:11,514] make: Entering directory '/tmp/finn_dev_floodd1@ad.mee.tcd.ie/pyverilator_ipstitched_vdv9734l'
[2022-03-25 12:19:11,515] g++  -I.  -MMD -I/usr/share/verilator/include -I/usr/share/verilator/include/vltstd -DVL_PRINTF=printf -DVM_COVERAGE=0 -DVM_SC=0 -DVM_TRACE=1 -faligned-new -Wno-sign-compare -Wno-uninitialized -Wno-unused-but-set-variable -Wno-unused-parameter -Wno-unused-variable -Wno-shadow     -fPIC --std=c++11   -c -o pyverilator_wrapper.o /tmp/finn_dev_floodd1@ad.mee.tcd.ie/pyverilator_ipstitched_vdv9734l/pyverilator_wrapper.cpp
[2022-03-25 12:19:11,515] g++  -I.  -MMD -I/usr/share/verilator/include -I/usr/share/verilator/include/vltstd -DVL_PRINTF=printf -DVM_COVERAGE=0 -DVM_SC=0 -DVM_TRACE=1 -faligned-new -Wno-sign-compare -Wno-uninitialized -Wno-unused-but-set-variable -Wno-unused-parameter -Wno-unused-variable -Wno-shadow     -fPIC --std=c++11   -c -o verilated.o /usr/share/verilator/include/verilated.cpp
[2022-03-25 12:19:11,515] g++  -I.  -MMD -I/usr/share/verilator/include -I/usr/share/verilator/include/vltstd -DVL_PRINTF=printf -DVM_COVERAGE=0 -DVM_SC=0 -DVM_TRACE=1 -faligned-new -Wno-sign-compare -Wno-uninitialized -Wno-unused-but-set-variable -Wno-unused-parameter -Wno-unused-variable -Wno-shadow     -fPIC --std=c++11   -c -o verilated_vcd_c.o /usr/share/verilator/include/verilated_vcd_c.cpp
[2022-03-25 12:19:11,515] /usr/bin/perl /usr/share/verilator/bin/verilator_includer -DVL_INCLUDE_OPT=include Vfinn_design_wrapper.cpp > Vfinn_design_wrapper__ALLcls.cpp
[2022-03-25 12:19:11,515] g++  -I.  -MMD -I/usr/share/verilator/include -I/usr/share/verilator/include/vltstd -DVL_PRINTF=printf -DVM_COVERAGE=0 -DVM_SC=0 -DVM_TRACE=1 -faligned-new -Wno-sign-compare -Wno-uninitialized -Wno-unused-but-set-variable -Wno-unused-parameter -Wno-unused-variable -Wno-shadow     -fPIC --std=c++11   -c -o Vfinn_design_wrapper__ALLcls.o Vfinn_design_wrapper__ALLcls.cpp
[2022-03-25 12:19:11,515] /usr/bin/perl /usr/share/verilator/bin/verilator_includer -DVL_INCLUDE_OPT=include Vfinn_design_wrapper__Trace.cpp Vfinn_design_wrapper__Syms.cpp Vfinn_design_wrapper__Trace__Slow.cpp > Vfinn_design_wrapper__ALLsup.cpp
[2022-03-25 12:19:11,515] g++  -I.  -MMD -I/usr/share/verilator/include -I/usr/share/verilator/include/vltstd -DVL_PRINTF=printf -DVM_COVERAGE=0 -DVM_SC=0 -DVM_TRACE=1 -faligned-new -Wno-sign-compare -Wno-uninitialized -Wno-unused-but-set-variable -Wno-unused-parameter -Wno-unused-variable -Wno-shadow     -fPIC --std=c++11   -c -o Vfinn_design_wrapper__ALLsup.o Vfinn_design_wrapper__ALLsup.cpp
[2022-03-25 12:19:11,515]       Archiving Vfinn_design_wrapper__ALL.a ...
[2022-03-25 12:19:11,515] ar r Vfinn_design_wrapper__ALL.a Vfinn_design_wrapper__ALLcls.o Vfinn_design_wrapper__ALLsup.o
[2022-03-25 12:19:11,515] ranlib Vfinn_design_wrapper__ALL.a
[2022-03-25 12:19:11,515] g++ -fPIC -shared pyverilator_wrapper.o verilated.o verilated_vcd_c.o Vfinn_design_wrapper__ALL.a    -o Vfinn_design_wrapper -lm -lstdc++  2>&1 | c++filt
[2022-03-25 12:19:11,515] make: Leaving directory '/tmp/finn_dev_floodd1@ad.mee.tcd.ie/pyverilator_ipstitched_vdv9734l'
[2022-03-25 12:19:11,515] ar: creating Vfinn_design_wrapper__ALL.a
[2022-03-25 12:24:29,812] /workspace/finn/src/finn/transformation/fpgadataflow/prepare_ip.py:57: UserWarning: Using pre-existing code for ConvolutionInputGenerator1D_0
[2022-03-25 12:24:29,812]   warnings.warn("Using pre-existing code for %s" % node.name)
[2022-03-25 12:24:29,812] /workspace/finn/src/finn/transformation/fpgadataflow/prepare_ip.py:57: UserWarning: Using pre-existing code for StreamingDataWidthConverter_Batch_0
[2022-03-25 12:24:29,812]   warnings.warn("Using pre-existing code for %s" % node.name)
[2022-03-25 12:24:29,812] /workspace/finn/src/finn/transformation/fpgadataflow/prepare_ip.py:57: UserWarning: Using pre-existing code for StreamingFCLayer_Batch_0
[2022-03-25 12:24:29,812]   warnings.warn("Using pre-existing code for %s" % node.name)
[2022-03-25 12:24:29,812] /workspace/finn/src/finn/transformation/fpgadataflow/prepare_ip.py:57: UserWarning: Using pre-existing code for StreamingMaxPool_Batch_0
[2022-03-25 12:24:29,812]   warnings.warn("Using pre-existing code for %s" % node.name)
[2022-03-25 12:24:29,812] /workspace/finn/src/finn/transformation/fpgadataflow/prepare_ip.py:57: UserWarning: Using pre-existing code for StreamingDataWidthConverter_Batch_1
[2022-03-25 12:24:29,812]   warnings.warn("Using pre-existing code for %s" % node.name)
[2022-03-25 12:24:29,812] /workspace/finn/src/finn/transformation/fpgadataflow/prepare_ip.py:57: UserWarning: Using pre-existing code for Thresholding_Batch_0
[2022-03-25 12:24:29,812]   warnings.warn("Using pre-existing code for %s" % node.name)
[2022-03-25 12:24:29,812] /workspace/finn/src/finn/transformation/fpgadataflow/prepare_ip.py:57: UserWarning: Using pre-existing code for StreamingDataWidthConverter_Batch_2
[2022-03-25 12:24:29,812]   warnings.warn("Using pre-existing code for %s" % node.name)
[2022-03-25 12:24:29,813] /workspace/finn/src/finn/transformation/fpgadataflow/prepare_ip.py:57: UserWarning: Using pre-existing code for ConvolutionInputGenerator1D_1
[2022-03-25 12:24:29,813]   warnings.warn("Using pre-existing code for %s" % node.name)
[2022-03-25 12:24:29,813] /workspace/finn/src/finn/transformation/fpgadataflow/prepare_ip.py:57: UserWarning: Using pre-existing code for StreamingDataWidthConverter_Batch_3
[2022-03-25 12:24:29,813]   warnings.warn("Using pre-existing code for %s" % node.name)
[2022-03-25 12:24:29,813] /workspace/finn/src/finn/transformation/fpgadataflow/prepare_ip.py:57: UserWarning: Using pre-existing code for StreamingFCLayer_Batch_1
[2022-03-25 12:24:29,813]   warnings.warn("Using pre-existing code for %s" % node.name)
[2022-03-25 12:24:29,813] /workspace/finn/src/finn/transformation/fpgadataflow/prepare_ip.py:57: UserWarning: Using pre-existing code for StreamingDataWidthConverter_Batch_4
[2022-03-25 12:24:29,814]   warnings.warn("Using pre-existing code for %s" % node.name)
[2022-03-25 12:24:29,814] /workspace/finn/src/finn/transformation/fpgadataflow/prepare_ip.py:57: UserWarning: Using pre-existing code for StreamingMaxPool_Batch_1
[2022-03-25 12:24:29,814]   warnings.warn("Using pre-existing code for %s" % node.name)
[2022-03-25 12:24:29,814] /workspace/finn/src/finn/transformation/fpgadataflow/prepare_ip.py:57: UserWarning: Using pre-existing code for StreamingDataWidthConverter_Batch_5
[2022-03-25 12:24:29,814]   warnings.warn("Using pre-existing code for %s" % node.name)
[2022-03-25 12:24:29,814] /workspace/finn/src/finn/transformation/fpgadataflow/prepare_ip.py:57: UserWarning: Using pre-existing code for Thresholding_Batch_1
[2022-03-25 12:24:29,814]   warnings.warn("Using pre-existing code for %s" % node.name)
[2022-03-25 12:24:29,814] /workspace/finn/src/finn/transformation/fpgadataflow/prepare_ip.py:57: UserWarning: Using pre-existing code for StreamingDataWidthConverter_Batch_6
[2022-03-25 12:24:29,814]   warnings.warn("Using pre-existing code for %s" % node.name)
[2022-03-25 12:24:29,814] /workspace/finn/src/finn/transformation/fpgadataflow/prepare_ip.py:57: UserWarning: Using pre-existing code for ConvolutionInputGenerator1D_2
[2022-03-25 12:24:29,814]   warnings.warn("Using pre-existing code for %s" % node.name)
[2022-03-25 12:24:29,814] /workspace/finn/src/finn/transformation/fpgadataflow/prepare_ip.py:57: UserWarning: Using pre-existing code for StreamingDataWidthConverter_Batch_7
[2022-03-25 12:24:29,814]   warnings.warn("Using pre-existing code for %s" % node.name)
[2022-03-25 12:24:29,815] /workspace/finn/src/finn/transformation/fpgadataflow/prepare_ip.py:57: UserWarning: Using pre-existing code for StreamingFCLayer_Batch_2
[2022-03-25 12:24:29,815]   warnings.warn("Using pre-existing code for %s" % node.name)
[2022-03-25 12:24:29,815] /workspace/finn/src/finn/transformation/fpgadataflow/prepare_ip.py:57: UserWarning: Using pre-existing code for StreamingDataWidthConverter_Batch_8
[2022-03-25 12:24:29,815]   warnings.warn("Using pre-existing code for %s" % node.name)
[2022-03-25 12:24:29,815] /workspace/finn/src/finn/transformation/fpgadataflow/prepare_ip.py:57: UserWarning: Using pre-existing code for StreamingMaxPool_Batch_2
[2022-03-25 12:24:29,815]   warnings.warn("Using pre-existing code for %s" % node.name)
[2022-03-25 12:24:29,815] /workspace/finn/src/finn/transformation/fpgadataflow/prepare_ip.py:57: UserWarning: Using pre-existing code for StreamingDataWidthConverter_Batch_9
[2022-03-25 12:24:29,815]   warnings.warn("Using pre-existing code for %s" % node.name)
[2022-03-25 12:24:29,816] /workspace/finn/src/finn/transformation/fpgadataflow/prepare_ip.py:57: UserWarning: Using pre-existing code for Thresholding_Batch_2
[2022-03-25 12:24:29,816]   warnings.warn("Using pre-existing code for %s" % node.name)
[2022-03-25 12:24:29,816] /workspace/finn/src/finn/transformation/fpgadataflow/prepare_ip.py:57: UserWarning: Using pre-existing code for StreamingDataWidthConverter_Batch_10
[2022-03-25 12:24:29,816]   warnings.warn("Using pre-existing code for %s" % node.name)
[2022-03-25 12:24:29,816] /workspace/finn/src/finn/transformation/fpgadataflow/prepare_ip.py:57: UserWarning: Using pre-existing code for ConvolutionInputGenerator1D_3
[2022-03-25 12:24:29,816]   warnings.warn("Using pre-existing code for %s" % node.name)
[2022-03-25 12:24:29,816] /workspace/finn/src/finn/transformation/fpgadataflow/prepare_ip.py:57: UserWarning: Using pre-existing code for StreamingDataWidthConverter_Batch_11
[2022-03-25 12:24:29,816]   warnings.warn("Using pre-existing code for %s" % node.name)
[2022-03-25 12:24:29,817] /workspace/finn/src/finn/transformation/fpgadataflow/prepare_ip.py:57: UserWarning: Using pre-existing code for StreamingFCLayer_Batch_3
[2022-03-25 12:24:29,817]   warnings.warn("Using pre-existing code for %s" % node.name)
[2022-03-25 12:24:29,817] /workspace/finn/src/finn/transformation/fpgadataflow/prepare_ip.py:57: UserWarning: Using pre-existing code for StreamingDataWidthConverter_Batch_12
[2022-03-25 12:24:29,817]   warnings.warn("Using pre-existing code for %s" % node.name)
[2022-03-25 12:24:29,817] /workspace/finn/src/finn/transformation/fpgadataflow/prepare_ip.py:57: UserWarning: Using pre-existing code for StreamingMaxPool_Batch_3
[2022-03-25 12:24:29,817]   warnings.warn("Using pre-existing code for %s" % node.name)
[2022-03-25 12:24:29,817] /workspace/finn/src/finn/transformation/fpgadataflow/prepare_ip.py:57: UserWarning: Using pre-existing code for StreamingDataWidthConverter_Batch_13
[2022-03-25 12:24:29,817]   warnings.warn("Using pre-existing code for %s" % node.name)
[2022-03-25 12:24:29,817] /workspace/finn/src/finn/transformation/fpgadataflow/prepare_ip.py:57: UserWarning: Using pre-existing code for Thresholding_Batch_3
[2022-03-25 12:24:29,817]   warnings.warn("Using pre-existing code for %s" % node.name)
[2022-03-25 12:24:29,817] /workspace/finn/src/finn/transformation/fpgadataflow/prepare_ip.py:57: UserWarning: Using pre-existing code for StreamingFCLayer_Batch_4
[2022-03-25 12:24:29,817]   warnings.warn("Using pre-existing code for %s" % node.name)
[2022-03-25 12:24:29,859] /workspace/finn/src/finn/transformation/fpgadataflow/hlssynth_ip.py:71: UserWarning: Using pre-existing IP for Thresholding_Batch_3
[2022-03-25 12:24:29,859] /workspace/finn/src/finn/transformation/fpgadataflow/hlssynth_ip.py:71: UserWarning: Using pre-existing IP for StreamingFCLayer_Batch_4
[2022-03-25 12:24:29,859] /workspace/finn/src/finn/transformation/fpgadataflow/hlssynth_ip.py:71: UserWarning: Using pre-existing IP for StreamingDataWidthConverter_Batch_13
[2022-03-25 12:24:29,859]   warnings.warn("Using pre-existing IP for %s" % node.name)
[2022-03-25 12:24:29,859]   warnings.warn("Using pre-existing IP for %s" % node.name)
[2022-03-25 12:24:29,859]   warnings.warn("Using pre-existing IP for %s" % node.name)
[2022-03-25 12:24:29,860] /workspace/finn/src/finn/transformation/fpgadataflow/hlssynth_ip.py:71: UserWarning: Using pre-existing IP for StreamingMaxPool_Batch_3
[2022-03-25 12:24:29,860]   warnings.warn("Using pre-existing IP for %s" % node.name)
[2022-03-25 12:24:29,860] /workspace/finn/src/finn/transformation/fpgadataflow/hlssynth_ip.py:71: UserWarning: Using pre-existing IP for StreamingDataWidthConverter_Batch_12
[2022-03-25 12:24:29,860]   warnings.warn("Using pre-existing IP for %s" % node.name)
[2022-03-25 12:24:29,860] /workspace/finn/src/finn/transformation/fpgadataflow/hlssynth_ip.py:71: UserWarning: Using pre-existing IP for StreamingFCLayer_Batch_3
[2022-03-25 12:24:29,860]   warnings.warn("Using pre-existing IP for %s" % node.name)
[2022-03-25 12:24:29,861] /workspace/finn/src/finn/transformation/fpgadataflow/hlssynth_ip.py:71: UserWarning: Using pre-existing IP for StreamingDataWidthConverter_Batch_11
[2022-03-25 12:24:29,861]   warnings.warn("Using pre-existing IP for %s" % node.name)
[2022-03-25 12:24:29,861] /workspace/finn/src/finn/transformation/fpgadataflow/hlssynth_ip.py:71: UserWarning: Using pre-existing IP for ConvolutionInputGenerator1D_3
[2022-03-25 12:24:29,861] /workspace/finn/src/finn/transformation/fpgadataflow/hlssynth_ip.py:71: UserWarning: Using pre-existing IP for StreamingDataWidthConverter_Batch_10
[2022-03-25 12:24:29,861]   warnings.warn("Using pre-existing IP for %s" % node.name)
[2022-03-25 12:24:29,861]   warnings.warn("Using pre-existing IP for %s" % node.name)
[2022-03-25 12:24:29,861] /workspace/finn/src/finn/transformation/fpgadataflow/hlssynth_ip.py:71: UserWarning: Using pre-existing IP for Thresholding_Batch_2
[2022-03-25 12:24:29,861]   warnings.warn("Using pre-existing IP for %s" % node.name)
[2022-03-25 12:24:29,861] /workspace/finn/src/finn/transformation/fpgadataflow/hlssynth_ip.py:71: UserWarning: Using pre-existing IP for StreamingDataWidthConverter_Batch_9
[2022-03-25 12:24:29,861] /workspace/finn/src/finn/transformation/fpgadataflow/hlssynth_ip.py:71: UserWarning: Using pre-existing IP for StreamingMaxPool_Batch_2
[2022-03-25 12:24:29,861]   warnings.warn("Using pre-existing IP for %s" % node.name)
[2022-03-25 12:24:29,861]   warnings.warn("Using pre-existing IP for %s" % node.name)
[2022-03-25 12:24:29,862] /workspace/finn/src/finn/transformation/fpgadataflow/hlssynth_ip.py:71: UserWarning: Using pre-existing IP for StreamingDataWidthConverter_Batch_8
[2022-03-25 12:24:29,862]   warnings.warn("Using pre-existing IP for %s" % node.name)
[2022-03-25 12:24:29,862] /workspace/finn/src/finn/transformation/fpgadataflow/hlssynth_ip.py:71: UserWarning: Using pre-existing IP for StreamingDataWidthConverter_Batch_7
[2022-03-25 12:24:29,862]   warnings.warn("Using pre-existing IP for %s" % node.name)
[2022-03-25 12:24:29,862] /workspace/finn/src/finn/transformation/fpgadataflow/hlssynth_ip.py:71: UserWarning: Using pre-existing IP for StreamingFCLayer_Batch_2
[2022-03-25 12:24:29,862]   warnings.warn("Using pre-existing IP for %s" % node.name)
[2022-03-25 12:24:29,862] /workspace/finn/src/finn/transformation/fpgadataflow/hlssynth_ip.py:71: UserWarning: Using pre-existing IP for ConvolutionInputGenerator1D_2
[2022-03-25 12:24:29,862]   warnings.warn("Using pre-existing IP for %s" % node.name)
[2022-03-25 12:24:29,862] /workspace/finn/src/finn/transformation/fpgadataflow/hlssynth_ip.py:71: UserWarning: Using pre-existing IP for StreamingDataWidthConverter_Batch_6
[2022-03-25 12:24:29,863]   warnings.warn("Using pre-existing IP for %s" % node.name)
[2022-03-25 12:24:29,863] /workspace/finn/src/finn/transformation/fpgadataflow/hlssynth_ip.py:71: UserWarning: Using pre-existing IP for Thresholding_Batch_1
[2022-03-25 12:24:29,863]   warnings.warn("Using pre-existing IP for %s" % node.name)
[2022-03-25 12:24:29,863] /workspace/finn/src/finn/transformation/fpgadataflow/hlssynth_ip.py:71: UserWarning: Using pre-existing IP for StreamingDataWidthConverter_Batch_5
[2022-03-25 12:24:29,863]   warnings.warn("Using pre-existing IP for %s" % node.name)
[2022-03-25 12:24:29,863] /workspace/finn/src/finn/transformation/fpgadataflow/hlssynth_ip.py:71: UserWarning: Using pre-existing IP for StreamingMaxPool_Batch_1
[2022-03-25 12:24:29,863]   warnings.warn("Using pre-existing IP for %s" % node.name)
[2022-03-25 12:24:29,863] /workspace/finn/src/finn/transformation/fpgadataflow/hlssynth_ip.py:71: UserWarning: Using pre-existing IP for StreamingDataWidthConverter_Batch_4
[2022-03-25 12:24:29,863]   warnings.warn("Using pre-existing IP for %s" % node.name)
[2022-03-25 12:24:29,864] /workspace/finn/src/finn/transformation/fpgadataflow/hlssynth_ip.py:71: UserWarning: Using pre-existing IP for StreamingFCLayer_Batch_1
[2022-03-25 12:24:29,864]   warnings.warn("Using pre-existing IP for %s" % node.name)
[2022-03-25 12:24:29,864] /workspace/finn/src/finn/transformation/fpgadataflow/hlssynth_ip.py:71: UserWarning: Using pre-existing IP for StreamingDataWidthConverter_Batch_3
[2022-03-25 12:24:29,864]   warnings.warn("Using pre-existing IP for %s" % node.name)
[2022-03-25 12:24:29,864] /workspace/finn/src/finn/transformation/fpgadataflow/hlssynth_ip.py:71: UserWarning: Using pre-existing IP for ConvolutionInputGenerator1D_1
[2022-03-25 12:24:29,864]   warnings.warn("Using pre-existing IP for %s" % node.name)
[2022-03-25 12:24:29,865] /workspace/finn/src/finn/transformation/fpgadataflow/hlssynth_ip.py:71: UserWarning: Using pre-existing IP for StreamingDataWidthConverter_Batch_2
[2022-03-25 12:24:29,865]   warnings.warn("Using pre-existing IP for %s" % node.name)
[2022-03-25 12:24:29,865] /workspace/finn/src/finn/transformation/fpgadataflow/hlssynth_ip.py:71: UserWarning: Using pre-existing IP for Thresholding_Batch_0
[2022-03-25 12:24:29,865]   warnings.warn("Using pre-existing IP for %s" % node.name)
[2022-03-25 12:24:29,865] /workspace/finn/src/finn/transformation/fpgadataflow/hlssynth_ip.py:71: UserWarning: Using pre-existing IP for StreamingDataWidthConverter_Batch_1
[2022-03-25 12:24:29,866]   warnings.warn("Using pre-existing IP for %s" % node.name)
[2022-03-25 12:24:29,866] /workspace/finn/src/finn/transformation/fpgadataflow/hlssynth_ip.py:71: UserWarning: Using pre-existing IP for StreamingMaxPool_Batch_0
[2022-03-25 12:24:29,866]   warnings.warn("Using pre-existing IP for %s" % node.name)
[2022-03-25 12:24:29,866] /workspace/finn/src/finn/transformation/fpgadataflow/hlssynth_ip.py:71: UserWarning: Using pre-existing IP for StreamingFCLayer_Batch_0
[2022-03-25 12:24:29,866]   warnings.warn("Using pre-existing IP for %s" % node.name)
[2022-03-25 12:24:29,867] /workspace/finn/src/finn/transformation/fpgadataflow/hlssynth_ip.py:71: UserWarning: Using pre-existing IP for StreamingDataWidthConverter_Batch_0
[2022-03-25 12:24:29,867]   warnings.warn("Using pre-existing IP for %s" % node.name)
[2022-03-25 12:24:29,867] /workspace/finn/src/finn/transformation/fpgadataflow/hlssynth_ip.py:71: UserWarning: Using pre-existing IP for ConvolutionInputGenerator1D_0
[2022-03-25 12:24:29,867]   warnings.warn("Using pre-existing IP for %s" % node.name)
[2022-03-25 12:24:41,999] Running step: step_create_stitched_ip [12/17]
[2022-03-25 12:24:42,002] Running step: step_measure_rtlsim_performance [13/17]
[2022-03-25 12:24:42,006] Running step: step_out_of_context_synthesis [14/17]
[2022-03-25 12:24:42,010] Running step: step_synthesize_bitfile [15/17]
[2022-03-25 12:24:42,121] /workspace/finn/src/finn/transformation/fpgadataflow/floorplan.py:107: UserWarning: 37 nodes have no entry in the provided floorplan, SLR was set to -1
[2022-03-25 12:24:42,121]   warnings.warn(
[2022-03-25 12:25:23,133] /workspace/finn/src/finn/transformation/fpgadataflow/insert_fifo.py:201: UserWarning: Overriding output FIFO depth to 32
[2022-03-25 12:25:23,134]   warnings.warn("Overriding output FIFO depth to 32")
[2022-03-25 12:25:23,145] /workspace/finn/src/finn/transformation/fpgadataflow/prepare_ip.py:57: UserWarning: Using pre-existing code for StreamingDataflowPartition_1_StreamingFIFO_0
[2022-03-25 12:25:23,145]   warnings.warn("Using pre-existing code for %s" % node.name)
[2022-03-25 12:25:23,145] /workspace/finn/src/finn/transformation/fpgadataflow/prepare_ip.py:57: UserWarning: Using pre-existing code for StreamingDataflowPartition_1_ConvolutionInputGenerator1D_0
[2022-03-25 12:25:23,145]   warnings.warn("Using pre-existing code for %s" % node.name)
[2022-03-25 12:25:23,146] /workspace/finn/src/finn/transformation/fpgadataflow/prepare_ip.py:57: UserWarning: Using pre-existing code for StreamingDataflowPartition_1_StreamingDataWidthConverter_Batch_0
[2022-03-25 12:25:23,146]   warnings.warn("Using pre-existing code for %s" % node.name)
[2022-03-25 12:25:23,146] /workspace/finn/src/finn/transformation/fpgadataflow/prepare_ip.py:57: UserWarning: Using pre-existing code for StreamingDataflowPartition_1_StreamingFCLayer_Batch_0
[2022-03-25 12:25:23,146]   warnings.warn("Using pre-existing code for %s" % node.name)
[2022-03-25 12:25:23,146] /workspace/finn/src/finn/transformation/fpgadataflow/prepare_ip.py:57: UserWarning: Using pre-existing code for StreamingDataflowPartition_1_StreamingMaxPool_Batch_0
[2022-03-25 12:25:23,146]   warnings.warn("Using pre-existing code for %s" % node.name)
[2022-03-25 12:25:23,146] /workspace/finn/src/finn/transformation/fpgadataflow/prepare_ip.py:57: UserWarning: Using pre-existing code for StreamingDataflowPartition_1_StreamingDataWidthConverter_Batch_1
[2022-03-25 12:25:23,146]   warnings.warn("Using pre-existing code for %s" % node.name)
[2022-03-25 12:25:23,146] /workspace/finn/src/finn/transformation/fpgadataflow/prepare_ip.py:57: UserWarning: Using pre-existing code for StreamingDataflowPartition_1_Thresholding_Batch_0
[2022-03-25 12:25:23,146]   warnings.warn("Using pre-existing code for %s" % node.name)
[2022-03-25 12:25:23,146] /workspace/finn/src/finn/transformation/fpgadataflow/prepare_ip.py:57: UserWarning: Using pre-existing code for StreamingDataflowPartition_1_StreamingDataWidthConverter_Batch_2
[2022-03-25 12:25:23,146]   warnings.warn("Using pre-existing code for %s" % node.name)
[2022-03-25 12:25:23,146] /workspace/finn/src/finn/transformation/fpgadataflow/prepare_ip.py:57: UserWarning: Using pre-existing code for StreamingDataflowPartition_1_ConvolutionInputGenerator1D_1
[2022-03-25 12:25:23,146]   warnings.warn("Using pre-existing code for %s" % node.name)
[2022-03-25 12:25:23,147] /workspace/finn/src/finn/transformation/fpgadataflow/prepare_ip.py:57: UserWarning: Using pre-existing code for StreamingDataflowPartition_1_StreamingDataWidthConverter_Batch_3
[2022-03-25 12:25:23,147]   warnings.warn("Using pre-existing code for %s" % node.name)
[2022-03-25 12:25:23,147] /workspace/finn/src/finn/transformation/fpgadataflow/prepare_ip.py:57: UserWarning: Using pre-existing code for StreamingDataflowPartition_1_StreamingFIFO_1
[2022-03-25 12:25:23,147]   warnings.warn("Using pre-existing code for %s" % node.name)
[2022-03-25 12:25:23,147] /workspace/finn/src/finn/transformation/fpgadataflow/prepare_ip.py:57: UserWarning: Using pre-existing code for StreamingDataflowPartition_1_StreamingFCLayer_Batch_1
[2022-03-25 12:25:23,147]   warnings.warn("Using pre-existing code for %s" % node.name)
[2022-03-25 12:25:23,147] /workspace/finn/src/finn/transformation/fpgadataflow/prepare_ip.py:57: UserWarning: Using pre-existing code for StreamingDataflowPartition_1_StreamingDataWidthConverter_Batch_4
[2022-03-25 12:25:23,147]   warnings.warn("Using pre-existing code for %s" % node.name)
[2022-03-25 12:25:23,147] /workspace/finn/src/finn/transformation/fpgadataflow/prepare_ip.py:57: UserWarning: Using pre-existing code for StreamingDataflowPartition_1_StreamingMaxPool_Batch_1
[2022-03-25 12:25:23,147]   warnings.warn("Using pre-existing code for %s" % node.name)
[2022-03-25 12:25:23,147] /workspace/finn/src/finn/transformation/fpgadataflow/prepare_ip.py:57: UserWarning: Using pre-existing code for StreamingDataflowPartition_1_StreamingDataWidthConverter_Batch_5
[2022-03-25 12:25:23,147]   warnings.warn("Using pre-existing code for %s" % node.name)
[2022-03-25 12:25:23,147] /workspace/finn/src/finn/transformation/fpgadataflow/prepare_ip.py:57: UserWarning: Using pre-existing code for StreamingDataflowPartition_1_Thresholding_Batch_1
[2022-03-25 12:25:23,147]   warnings.warn("Using pre-existing code for %s" % node.name)
[2022-03-25 12:25:23,147] /workspace/finn/src/finn/transformation/fpgadataflow/prepare_ip.py:57: UserWarning: Using pre-existing code for StreamingDataflowPartition_1_StreamingDataWidthConverter_Batch_6
[2022-03-25 12:25:23,148]   warnings.warn("Using pre-existing code for %s" % node.name)
[2022-03-25 12:25:23,148] /workspace/finn/src/finn/transformation/fpgadataflow/prepare_ip.py:57: UserWarning: Using pre-existing code for StreamingDataflowPartition_1_ConvolutionInputGenerator1D_2
[2022-03-25 12:25:23,148]   warnings.warn("Using pre-existing code for %s" % node.name)
[2022-03-25 12:25:23,148] /workspace/finn/src/finn/transformation/fpgadataflow/prepare_ip.py:57: UserWarning: Using pre-existing code for StreamingDataflowPartition_1_StreamingDataWidthConverter_Batch_7
[2022-03-25 12:25:23,148]   warnings.warn("Using pre-existing code for %s" % node.name)
[2022-03-25 12:25:23,148] /workspace/finn/src/finn/transformation/fpgadataflow/prepare_ip.py:57: UserWarning: Using pre-existing code for StreamingDataflowPartition_1_StreamingFIFO_2
[2022-03-25 12:25:23,148]   warnings.warn("Using pre-existing code for %s" % node.name)
[2022-03-25 12:25:23,148] /workspace/finn/src/finn/transformation/fpgadataflow/prepare_ip.py:57: UserWarning: Using pre-existing code for StreamingDataflowPartition_1_StreamingFCLayer_Batch_2
[2022-03-25 12:25:23,148]   warnings.warn("Using pre-existing code for %s" % node.name)
[2022-03-25 12:25:23,148] /workspace/finn/src/finn/transformation/fpgadataflow/prepare_ip.py:57: UserWarning: Using pre-existing code for StreamingDataflowPartition_1_StreamingDataWidthConverter_Batch_8
[2022-03-25 12:25:23,148]   warnings.warn("Using pre-existing code for %s" % node.name)
[2022-03-25 12:25:23,148] /workspace/finn/src/finn/transformation/fpgadataflow/prepare_ip.py:57: UserWarning: Using pre-existing code for StreamingDataflowPartition_1_StreamingMaxPool_Batch_2
[2022-03-25 12:25:23,148]   warnings.warn("Using pre-existing code for %s" % node.name)
[2022-03-25 12:25:23,148] /workspace/finn/src/finn/transformation/fpgadataflow/prepare_ip.py:57: UserWarning: Using pre-existing code for StreamingDataflowPartition_1_StreamingDataWidthConverter_Batch_9
[2022-03-25 12:25:23,148]   warnings.warn("Using pre-existing code for %s" % node.name)
[2022-03-25 12:25:23,149] /workspace/finn/src/finn/transformation/fpgadataflow/prepare_ip.py:57: UserWarning: Using pre-existing code for StreamingDataflowPartition_1_Thresholding_Batch_2
[2022-03-25 12:25:23,149]   warnings.warn("Using pre-existing code for %s" % node.name)
[2022-03-25 12:25:23,149] /workspace/finn/src/finn/transformation/fpgadataflow/prepare_ip.py:57: UserWarning: Using pre-existing code for StreamingDataflowPartition_1_StreamingDataWidthConverter_Batch_10
[2022-03-25 12:25:23,149]   warnings.warn("Using pre-existing code for %s" % node.name)
[2022-03-25 12:25:23,149] /workspace/finn/src/finn/transformation/fpgadataflow/prepare_ip.py:57: UserWarning: Using pre-existing code for StreamingDataflowPartition_1_ConvolutionInputGenerator1D_3
[2022-03-25 12:25:23,149]   warnings.warn("Using pre-existing code for %s" % node.name)
[2022-03-25 12:25:23,149] /workspace/finn/src/finn/transformation/fpgadataflow/prepare_ip.py:57: UserWarning: Using pre-existing code for StreamingDataflowPartition_1_StreamingDataWidthConverter_Batch_11
[2022-03-25 12:25:23,149]   warnings.warn("Using pre-existing code for %s" % node.name)
[2022-03-25 12:25:23,149] /workspace/finn/src/finn/transformation/fpgadataflow/prepare_ip.py:57: UserWarning: Using pre-existing code for StreamingDataflowPartition_1_StreamingFIFO_3
[2022-03-25 12:25:23,149]   warnings.warn("Using pre-existing code for %s" % node.name)
[2022-03-25 12:25:23,149] /workspace/finn/src/finn/transformation/fpgadataflow/prepare_ip.py:57: UserWarning: Using pre-existing code for StreamingDataflowPartition_1_StreamingFCLayer_Batch_3
[2022-03-25 12:25:23,149]   warnings.warn("Using pre-existing code for %s" % node.name)
[2022-03-25 12:25:23,149] /workspace/finn/src/finn/transformation/fpgadataflow/prepare_ip.py:57: UserWarning: Using pre-existing code for StreamingDataflowPartition_1_StreamingDataWidthConverter_Batch_12
[2022-03-25 12:25:23,149]   warnings.warn("Using pre-existing code for %s" % node.name)
[2022-03-25 12:25:23,150] /workspace/finn/src/finn/transformation/fpgadataflow/prepare_ip.py:57: UserWarning: Using pre-existing code for StreamingDataflowPartition_1_StreamingMaxPool_Batch_3
[2022-03-25 12:25:23,150]   warnings.warn("Using pre-existing code for %s" % node.name)
[2022-03-25 12:25:23,150] /workspace/finn/src/finn/transformation/fpgadataflow/prepare_ip.py:57: UserWarning: Using pre-existing code for StreamingDataflowPartition_1_StreamingDataWidthConverter_Batch_13
[2022-03-25 12:25:23,150]   warnings.warn("Using pre-existing code for %s" % node.name)
[2022-03-25 12:25:23,150] /workspace/finn/src/finn/transformation/fpgadataflow/prepare_ip.py:57: UserWarning: Using pre-existing code for StreamingDataflowPartition_1_Thresholding_Batch_3
[2022-03-25 12:25:23,150]   warnings.warn("Using pre-existing code for %s" % node.name)
[2022-03-25 12:25:23,150] /workspace/finn/src/finn/transformation/fpgadataflow/prepare_ip.py:57: UserWarning: Using pre-existing code for StreamingDataflowPartition_1_StreamingFCLayer_Batch_4
[2022-03-25 12:25:23,150]   warnings.warn("Using pre-existing code for %s" % node.name)
[2022-03-25 12:25:23,192] /workspace/finn/src/finn/transformation/fpgadataflow/hlssynth_ip.py:71: UserWarning: Using pre-existing IP for StreamingDataflowPartition_1_StreamingFCLayer_Batch_4
[2022-03-25 12:25:23,192]   warnings.warn("Using pre-existing IP for %s" % node.name)
[2022-03-25 12:25:23,192] /workspace/finn/src/finn/transformation/fpgadataflow/hlssynth_ip.py:71: UserWarning: Using pre-existing IP for StreamingDataflowPartition_1_Thresholding_Batch_3
[2022-03-25 12:25:23,193]   warnings.warn("Using pre-existing IP for %s" % node.name)
[2022-03-25 12:25:23,193] /workspace/finn/src/finn/transformation/fpgadataflow/hlssynth_ip.py:71: UserWarning: Using pre-existing IP for StreamingDataflowPartition_1_StreamingMaxPool_Batch_3
[2022-03-25 12:25:23,193]   warnings.warn("Using pre-existing IP for %s" % node.name)
[2022-03-25 12:25:23,193] /workspace/finn/src/finn/transformation/fpgadataflow/hlssynth_ip.py:71: UserWarning: Using pre-existing IP for StreamingDataflowPartition_1_StreamingDataWidthConverter_Batch_12
[2022-03-25 12:25:23,193]   warnings.warn("Using pre-existing IP for %s" % node.name)
[2022-03-25 12:25:23,194] /workspace/finn/src/finn/transformation/fpgadataflow/hlssynth_ip.py:71: UserWarning: Using pre-existing IP for StreamingDataflowPartition_1_StreamingFCLayer_Batch_3
[2022-03-25 12:25:23,194]   warnings.warn("Using pre-existing IP for %s" % node.name)
[2022-03-25 12:25:23,194] /workspace/finn/src/finn/transformation/fpgadataflow/hlssynth_ip.py:71: UserWarning: Using pre-existing IP for StreamingDataflowPartition_1_StreamingDataWidthConverter_Batch_13
[2022-03-25 12:25:23,194]   warnings.warn("Using pre-existing IP for %s" % node.name)
[2022-03-25 12:25:23,194] /workspace/finn/src/finn/transformation/fpgadataflow/hlssynth_ip.py:71: UserWarning: Using pre-existing IP for StreamingDataflowPartition_1_StreamingFIFO_3
[2022-03-25 12:25:23,194]   warnings.warn("Using pre-existing IP for %s" % node.name)
[2022-03-25 12:25:23,194] /workspace/finn/src/finn/transformation/fpgadataflow/hlssynth_ip.py:71: UserWarning: Using pre-existing IP for StreamingDataflowPartition_1_StreamingDataWidthConverter_Batch_11
[2022-03-25 12:25:23,194]   warnings.warn("Using pre-existing IP for %s" % node.name)
[2022-03-25 12:25:23,194] /workspace/finn/src/finn/transformation/fpgadataflow/hlssynth_ip.py:71: UserWarning: Using pre-existing IP for StreamingDataflowPartition_1_StreamingDataWidthConverter_Batch_10
[2022-03-25 12:25:23,195]   warnings.warn("Using pre-existing IP for %s" % node.name)
[2022-03-25 12:25:23,195] /workspace/finn/src/finn/transformation/fpgadataflow/hlssynth_ip.py:71: UserWarning: Using pre-existing IP for StreamingDataflowPartition_1_ConvolutionInputGenerator1D_3
[2022-03-25 12:25:23,195] /workspace/finn/src/finn/transformation/fpgadataflow/hlssynth_ip.py:71: UserWarning: Using pre-existing IP for StreamingDataflowPartition_1_Thresholding_Batch_2
[2022-03-25 12:25:23,195]   warnings.warn("Using pre-existing IP for %s" % node.name)
[2022-03-25 12:25:23,195]   warnings.warn("Using pre-existing IP for %s" % node.name)
[2022-03-25 12:25:23,195] /workspace/finn/src/finn/transformation/fpgadataflow/hlssynth_ip.py:71: UserWarning: Using pre-existing IP for StreamingDataflowPartition_1_StreamingDataWidthConverter_Batch_9
[2022-03-25 12:25:23,195]   warnings.warn("Using pre-existing IP for %s" % node.name)
[2022-03-25 12:25:23,195] /workspace/finn/src/finn/transformation/fpgadataflow/hlssynth_ip.py:71: UserWarning: Using pre-existing IP for StreamingDataflowPartition_1_StreamingMaxPool_Batch_2
[2022-03-25 12:25:23,195] /workspace/finn/src/finn/transformation/fpgadataflow/hlssynth_ip.py:71: UserWarning: Using pre-existing IP for StreamingDataflowPartition_1_StreamingDataWidthConverter_Batch_8
[2022-03-25 12:25:23,195]   warnings.warn("Using pre-existing IP for %s" % node.name)
[2022-03-25 12:25:23,195]   warnings.warn("Using pre-existing IP for %s" % node.name)
[2022-03-25 12:25:23,195] /workspace/finn/src/finn/transformation/fpgadataflow/hlssynth_ip.py:71: UserWarning: Using pre-existing IP for StreamingDataflowPartition_1_StreamingDataWidthConverter_Batch_7
[2022-03-25 12:25:23,195] /workspace/finn/src/finn/transformation/fpgadataflow/hlssynth_ip.py:71: UserWarning: Using pre-existing IP for StreamingDataflowPartition_1_StreamingFIFO_2
[2022-03-25 12:25:23,195]   warnings.warn("Using pre-existing IP for %s" % node.name)
[2022-03-25 12:25:23,195]   warnings.warn("Using pre-existing IP for %s" % node.name)
[2022-03-25 12:25:23,196] /workspace/finn/src/finn/transformation/fpgadataflow/hlssynth_ip.py:71: UserWarning: Using pre-existing IP for StreamingDataflowPartition_1_StreamingFCLayer_Batch_2
[2022-03-25 12:25:23,196]   warnings.warn("Using pre-existing IP for %s" % node.name)
[2022-03-25 12:25:23,196] /workspace/finn/src/finn/transformation/fpgadataflow/hlssynth_ip.py:71: UserWarning: Using pre-existing IP for StreamingDataflowPartition_1_StreamingDataWidthConverter_Batch_6
[2022-03-25 12:25:23,196]   warnings.warn("Using pre-existing IP for %s" % node.name)
[2022-03-25 12:25:23,196] /workspace/finn/src/finn/transformation/fpgadataflow/hlssynth_ip.py:71: UserWarning: Using pre-existing IP for StreamingDataflowPartition_1_ConvolutionInputGenerator1D_2
[2022-03-25 12:25:23,196]   warnings.warn("Using pre-existing IP for %s" % node.name)
[2022-03-25 12:25:23,196] /workspace/finn/src/finn/transformation/fpgadataflow/hlssynth_ip.py:71: UserWarning: Using pre-existing IP for StreamingDataflowPartition_1_Thresholding_Batch_1
[2022-03-25 12:25:23,196]   warnings.warn("Using pre-existing IP for %s" % node.name)
[2022-03-25 12:25:23,196] /workspace/finn/src/finn/transformation/fpgadataflow/hlssynth_ip.py:71: UserWarning: Using pre-existing IP for StreamingDataflowPartition_1_StreamingDataWidthConverter_Batch_5
[2022-03-25 12:25:23,196]   warnings.warn("Using pre-existing IP for %s" % node.name)
[2022-03-25 12:25:23,196] /workspace/finn/src/finn/transformation/fpgadataflow/hlssynth_ip.py:71: UserWarning: Using pre-existing IP for StreamingDataflowPartition_1_StreamingMaxPool_Batch_1
[2022-03-25 12:25:23,196]   warnings.warn("Using pre-existing IP for %s" % node.name)
[2022-03-25 12:25:23,197] /workspace/finn/src/finn/transformation/fpgadataflow/hlssynth_ip.py:71: UserWarning: Using pre-existing IP for StreamingDataflowPartition_1_StreamingDataWidthConverter_Batch_4
[2022-03-25 12:25:23,197] /workspace/finn/src/finn/transformation/fpgadataflow/hlssynth_ip.py:71: UserWarning: Using pre-existing IP for StreamingDataflowPartition_1_StreamingFIFO_1
[2022-03-25 12:25:23,197]   warnings.warn("Using pre-existing IP for %s" % node.name)
[2022-03-25 12:25:23,197] /workspace/finn/src/finn/transformation/fpgadataflow/hlssynth_ip.py:71: UserWarning: Using pre-existing IP for StreamingDataflowPartition_1_StreamingFCLayer_Batch_1
[2022-03-25 12:25:23,197]   warnings.warn("Using pre-existing IP for %s" % node.name)
[2022-03-25 12:25:23,197]   warnings.warn("Using pre-existing IP for %s" % node.name)
[2022-03-25 12:25:23,197] /workspace/finn/src/finn/transformation/fpgadataflow/hlssynth_ip.py:71: UserWarning: Using pre-existing IP for StreamingDataflowPartition_1_StreamingDataWidthConverter_Batch_3
[2022-03-25 12:25:23,197]   warnings.warn("Using pre-existing IP for %s" % node.name)
[2022-03-25 12:25:23,197] /workspace/finn/src/finn/transformation/fpgadataflow/hlssynth_ip.py:71: UserWarning: Using pre-existing IP for StreamingDataflowPartition_1_StreamingDataWidthConverter_Batch_2
[2022-03-25 12:25:23,197]   warnings.warn("Using pre-existing IP for %s" % node.name)
[2022-03-25 12:25:23,197] /workspace/finn/src/finn/transformation/fpgadataflow/hlssynth_ip.py:71: UserWarning: Using pre-existing IP for StreamingDataflowPartition_1_ConvolutionInputGenerator1D_1
[2022-03-25 12:25:23,197]   warnings.warn("Using pre-existing IP for %s" % node.name)
[2022-03-25 12:25:23,197] /workspace/finn/src/finn/transformation/fpgadataflow/hlssynth_ip.py:71: UserWarning: Using pre-existing IP for StreamingDataflowPartition_1_Thresholding_Batch_0
[2022-03-25 12:25:23,197] /workspace/finn/src/finn/transformation/fpgadataflow/hlssynth_ip.py:71: UserWarning: Using pre-existing IP for StreamingDataflowPartition_1_StreamingDataWidthConverter_Batch_1
[2022-03-25 12:25:23,198]   warnings.warn("Using pre-existing IP for %s" % node.name)
[2022-03-25 12:25:23,198]   warnings.warn("Using pre-existing IP for %s" % node.name)
[2022-03-25 12:25:23,198] /workspace/finn/src/finn/transformation/fpgadataflow/hlssynth_ip.py:71: UserWarning: Using pre-existing IP for StreamingDataflowPartition_1_StreamingMaxPool_Batch_0
[2022-03-25 12:25:23,198]   warnings.warn("Using pre-existing IP for %s" % node.name)
[2022-03-25 12:25:23,198] /workspace/finn/src/finn/transformation/fpgadataflow/hlssynth_ip.py:71: UserWarning: Using pre-existing IP for StreamingDataflowPartition_1_StreamingFCLayer_Batch_0
[2022-03-25 12:25:23,198] /workspace/finn/src/finn/transformation/fpgadataflow/hlssynth_ip.py:71: UserWarning: Using pre-existing IP for StreamingDataflowPartition_1_StreamingDataWidthConverter_Batch_0
[2022-03-25 12:25:23,198]   warnings.warn("Using pre-existing IP for %s" % node.name)
[2022-03-25 12:25:23,198]   warnings.warn("Using pre-existing IP for %s" % node.name)
[2022-03-25 12:25:23,198] /workspace/finn/src/finn/transformation/fpgadataflow/hlssynth_ip.py:71: UserWarning: Using pre-existing IP for StreamingDataflowPartition_1_ConvolutionInputGenerator1D_0
[2022-03-25 12:25:23,198] /workspace/finn/src/finn/transformation/fpgadataflow/hlssynth_ip.py:71: UserWarning: Using pre-existing IP for StreamingDataflowPartition_1_StreamingFIFO_0
[2022-03-25 12:25:23,198]   warnings.warn("Using pre-existing IP for %s" % node.name)
[2022-03-25 12:25:23,198]   warnings.warn("Using pre-existing IP for %s" % node.name)
[2022-03-25 13:31:53,837] Bitfile written into output_2bit_1500fps/bitfile
[2022-03-25 13:31:53,840] Running step: step_make_pynq_driver [16/17]
[2022-03-25 13:31:56,089] PYNQ Python driver written into output_2bit_1500fps/driver
[2022-03-25 13:31:56,090] Running step: step_deployment_package [17/17]
